<?xml version="1.0" encoding="UTF-8"?>
<testsuite xmlns:xsi="http://www.w3.org/2001/XMLSchema-instance" xsi:noNamespaceSchemaLocation="https://maven.apache.org/surefire/maven-surefire-plugin/xsd/surefire-test-report.xsd" name="study.java.self.test.CalculatorTest" time="0.234" tests="6" errors="0" skipped="3" failures="0">
  <properties>
[...]
</properties>
  <testcase name="testAssumption" classname="study.java.self.test.CalculatorTest" time="0">
    <skipped message="Assumption failed: assumption is not true" type="org.opentest4j.TestAbortedException">org.opentest4j.TestAbortedException: Assumption failed: assumption is not true
	at study.java.self.test.CalculatorTest.testAssumption(CalculatorTest.java:75)
</skipped>
    <system-out><![CDATA[Indexing All Method Test
Begining test
Ended test
]]></system-out>
  </testcase>
  <testcase name="testAborted" classname="study.java.self.test.CalculatorTest" time="0">
    <skipped message="STATUS isn&apos;t Development" type="org.opentest4j.TestAbortedException">org.opentest4j.TestAbortedException: STATUS isn't Development
	at study.java.self.test.CalculatorTest.testAborted(CalculatorTest.java:67)
</skipped>
    <system-out><![CDATA[Begining test
Ended test
]]></system-out>
  </testcase>
  <testcase name="testAddSucc" classname="study.java.self.test.CalculatorTest" time="0.007"/>
  <testcase name="testDivideFailed" classname="study.java.self.test.CalculatorTest" time="0.01"/>
  <testcase name="testCommingSoon" classname="study.java.self.test.CalculatorTest" time="0">
    <skipped message="public void study.java.self.test.CalculatorTest.testCommingSoon() is @Disabled"/>
  </testcase>
  <testcase name="testDivideSucc" classname="study.java.self.test.CalculatorTest" time="0.013"/>
</testsuite>