<?xml version="1.0" encoding="UTF-8"?>
<testsuite xmlns:xsi="http://www.w3.org/2001/XMLSchema-instance" xsi:noNamespaceSchemaLocation="https://maven.apache.org/surefire/maven-surefire-plugin/xsd/surefire-test-report.xsd" name="study.java.self.test.ConditionTest" time="0.228" tests="10" errors="0" skipped="5" failures="0">
  <properties>
[...]
</properties>
  <testcase name="testRunOnlyOnWindows" classname="study.java.self.test.ConditionTest" time="0.012"/>
  <testcase name="testEnabledOnJava11To15" classname="study.java.self.test.ConditionTest" time="0">
    <skipped message="Disabled on JRE version: 17.0.4.1"/>
  </testcase>
  <testcase name="testDisabledOnJavaVendorOracle" classname="study.java.self.test.ConditionTest" time="0">
    <skipped message="System property [java.vendor] with value [Oracle Corporation] matches regular expression [Oracle Corporation]"/>
  </testcase>
  <testcase name="testEnabledOnProfileDev" classname="study.java.self.test.ConditionTest" time="0">
    <skipped message="Environment variable [PROFILE] does not exist"/>
  </testcase>
  <testcase name="testDisabledOnJava8" classname="study.java.self.test.ConditionTest" time="0.006"/>
  <testcase name="testDisabledOnWindows" classname="study.java.self.test.ConditionTest" time="0">
    <skipped message="Disabled on operating system: Windows 10"/>
  </testcase>
  <testcase name="testEnabledOnJavaVendorOracle" classname="study.java.self.test.ConditionTest" time="0.002"/>
  <testcase name="testDisabledOnJava11To15" classname="study.java.self.test.ConditionTest" time="0.001"/>
  <testcase name="testEnabledOnJava8" classname="study.java.self.test.ConditionTest" time="0">
    <skipped message="Disabled on JRE version: 17.0.4.1"/>
  </testcase>
  <testcase name="testDisabledOnProfileDev" classname="study.java.self.test.ConditionTest" time="0.001"/>
</testsuite>